<?xml version="1.0" encoding="UTF-8"?>
<!-- Generated by org.testng.reporters.JUnitReportReporter -->
<testsuite hostname="DESKTOP-FBNAVJ9" failures="0" tests="1" name="com.invicta.qa.testcases.sbu.MethodCalling" time="77.418" errors="0" timestamp="20 Feb 2023 12:48:39 GMT" skipped="0">
  <testcase classname="com.invicta.qa.testcases.sbu.MethodCalling" name="FirstTestCase" time="77.418"/>
</testsuite> <!-- com.invicta.qa.testcases.sbu.MethodCalling -->
