<?xml version="1.0" encoding="UTF-8"?>
<!-- Generated by org.testng.reporters.JUnitReportReporter -->
<testsuite hostname="DESKTOP-FBNAVJ9" failures="0" tests="6" name="com.invicta.qa.testcases.sbu.DeleteSbuUITest" time="136.645" errors="0" timestamp="17 Feb 2023 10:40:38 GMT" skipped="0">
  <testcase classname="com.invicta.qa.testcases.sbu.DeleteSbuUITest" name="deletesbu" time="24.621"/>
  <testcase classname="com.invicta.qa.testcases.sbu.DeleteSbuUITest" name="deleteOKsbu" time="36.965"/>
  <testcase classname="com.invicta.qa.testcases.sbu.DeleteSbuUITest" name="deleteCancelsbu" time="38.948"/>
  <testcase classname="com.invicta.qa.testcases.sbu.DeleteSbuUITest" name="deletetextsbu" time="4.784"/>
  <testcase classname="com.invicta.qa.testcases.sbu.DeleteSbuUITest" name="deletemarksbu" time="4.261"/>
  <testcase classname="com.invicta.qa.testcases.sbu.DeleteSbuUITest" name="deletemodalbu" time="27.066"/>
</testsuite> <!-- com.invicta.qa.testcases.sbu.DeleteSbuUITest -->
