<?xml version="1.0" encoding="UTF-8"?>
<!-- Generated by org.testng.reporters.JUnitReportReporter -->
<testsuite hostname="DESKTOP-FBNAVJ9" failures="0" tests="1" name="com.invicta.qa.testcases.sbu.MethodCalling" time="79.224" errors="0" timestamp="20 Feb 2023 11:46:50 GMT" skipped="0">
  <testcase classname="com.invicta.qa.testcases.sbu.MethodCalling" name="FirstTestCase" time="79.224"/>
</testsuite> <!-- com.invicta.qa.testcases.sbu.MethodCalling -->
