<?xml version="1.0" encoding="UTF-8"?>
<!-- Generated by org.testng.reporters.JUnitReportReporter -->
<testsuite hostname="DESKTOP-FBNAVJ9" failures="0" tests="1" name="com.invicta.qa.testcases.sbu.DeleteSbuFunTest" time="0.011" errors="0" timestamp="15 Feb 2023 03:04:29 GMT" skipped="0">
  <testcase classname="com.invicta.qa.testcases.sbu.DeleteSbuFunTest" name="ClickDeleteOnSBU" time="0.011"/>
</testsuite> <!-- com.invicta.qa.testcases.sbu.DeleteSbuFunTest -->
